2021-09-29 01:48:40,523 - connected to mqtt
2021-09-29 01:48:40,526 - Subscribed: 1 qos: (0,)
2021-09-29 01:50:05,806 - topic: home-assistant/pump/4/command payload: b'OFF'
2021-09-29 01:50:05,807 - GPIO 19 set: 0
2021-09-29 01:50:05,809 - state topic: home-assistant/pump/4/state payload: OFF
2021-09-29 01:50:12,650 - topic: home-assistant/pump/5/command payload: b'ON'
2021-09-29 01:50:12,651 - GPIO 26 set: 1
2021-09-29 01:50:12,652 - state topic: home-assistant/pump/5/state payload: ON
2021-09-29 01:50:13,830 - topic: home-assistant/pump/5/command payload: b'OFF'
2021-09-29 01:50:13,832 - GPIO 26 set: 0
2021-09-29 01:50:13,833 - state topic: home-assistant/pump/5/state payload: OFF
2021-09-29 01:50:13,930 - topic: home-assistant/pump/4/command payload: b'OFF'
2021-09-29 01:50:13,931 - GPIO 19 set: 0
2021-09-29 01:50:13,932 - state topic: home-assistant/pump/4/state payload: OFF
2021-09-29 01:50:17,162 - topic: home-assistant/pump/1/command payload: b'ON'
2021-09-29 01:50:17,163 - GPIO 16 set: 1
2021-09-29 01:50:17,164 - state topic: home-assistant/pump/1/state payload: ON
2021-09-29 01:50:17,668 - topic: home-assistant/pump/1/command payload: b'OFF'
2021-09-29 01:50:17,669 - GPIO 16 set: 0
2021-09-29 01:50:17,670 - state topic: home-assistant/pump/1/state payload: OFF
2021-09-29 01:50:18,345 - topic: home-assistant/pump/3/command payload: b'ON'
2021-09-29 01:50:18,346 - GPIO 21 set: 1
2021-09-29 01:50:18,347 - state topic: home-assistant/pump/3/state payload: ON
2021-09-29 01:50:18,836 - topic: home-assistant/pump/3/command payload: b'OFF'
2021-09-29 01:50:18,837 - GPIO 21 set: 0
2021-09-29 01:50:18,838 - state topic: home-assistant/pump/3/state payload: OFF
2021-09-29 01:50:19,508 - topic: home-assistant/pump/4/command payload: b'ON'
2021-09-29 01:50:19,509 - GPIO 19 set: 1
2021-09-29 01:50:19,511 - state topic: home-assistant/pump/4/state payload: ON
2021-09-29 01:50:20,276 - topic: home-assistant/pump/4/command payload: b'OFF'
2021-09-29 01:50:20,279 - GPIO 19 set: 0
2021-09-29 01:50:20,280 - state topic: home-assistant/pump/4/state payload: OFF
2021-09-29 01:50:21,049 - topic: home-assistant/pump/2/command payload: b'ON'
2021-09-29 01:50:21,051 - GPIO 20 set: 1
2021-09-29 01:50:21,053 - state topic: home-assistant/pump/2/state payload: ON
2021-09-29 01:50:21,579 - topic: home-assistant/pump/2/command payload: b'OFF'
2021-09-29 01:50:21,581 - GPIO 20 set: 0
2021-09-29 01:50:21,582 - state topic: home-assistant/pump/2/state payload: OFF
2021-09-29 01:50:22,670 - topic: home-assistant/pump/5/command payload: b'ON'
2021-09-29 01:50:22,672 - GPIO 26 set: 1
2021-09-29 01:50:22,673 - state topic: home-assistant/pump/5/state payload: ON
2021-09-29 01:50:23,319 - topic: home-assistant/pump/5/command payload: b'OFF'
2021-09-29 01:50:23,320 - GPIO 26 set: 0
2021-09-29 01:50:23,322 - state topic: home-assistant/pump/5/state payload: OFF
2021-09-29 01:50:23,409 - topic: home-assistant/pump/4/command payload: b'OFF'
2021-09-29 01:50:23,410 - GPIO 19 set: 0
2021-09-29 01:50:23,412 - state topic: home-assistant/pump/4/state payload: OFF
2021-09-29 01:50:24,607 - topic: home-assistant/pump/3/command payload: b'ON'
2021-09-29 01:50:24,609 - GPIO 21 set: 1
2021-09-29 01:50:24,611 - state topic: home-assistant/pump/3/state payload: ON
2021-09-29 01:50:24,865 - topic: home-assistant/pump/3/command payload: b'OFF'
2021-09-29 01:50:24,868 - GPIO 21 set: 0
2021-09-29 01:50:24,870 - state topic: home-assistant/pump/3/state payload: OFF
2021-09-29 01:50:26,051 - topic: home-assistant/pump/1/command payload: b'ON'
2021-09-29 01:50:26,052 - GPIO 16 set: 1
2021-09-29 01:50:26,053 - state topic: home-assistant/pump/1/state payload: ON
2021-09-29 01:50:27,604 - topic: home-assistant/pump/1/command payload: b'OFF'
2021-09-29 01:50:27,605 - GPIO 16 set: 0
2021-09-29 01:50:27,606 - state topic: home-assistant/pump/1/state payload: OFF
2021-09-29 01:50:28,420 - topic: home-assistant/pump/3/command payload: b'ON'
2021-09-29 01:50:28,422 - GPIO 21 set: 1
2021-09-29 01:50:28,423 - state topic: home-assistant/pump/3/state payload: ON
2021-09-29 01:50:29,522 - topic: home-assistant/pump/3/command payload: b'OFF'
2021-09-29 01:50:29,523 - GPIO 21 set: 0
2021-09-29 01:50:29,524 - state topic: home-assistant/pump/3/state payload: OFF
2021-09-29 01:50:30,496 - topic: home-assistant/pump/4/command payload: b'ON'
2021-09-29 01:50:30,497 - GPIO 19 set: 1
2021-09-29 01:50:30,498 - state topic: home-assistant/pump/4/state payload: ON
2021-09-29 01:50:32,086 - topic: home-assistant/pump/4/command payload: b'OFF'
2021-09-29 01:50:32,088 - GPIO 19 set: 0
2021-09-29 01:50:32,089 - state topic: home-assistant/pump/4/state payload: OFF
2021-09-29 01:50:32,763 - topic: home-assistant/pump/2/command payload: b'ON'
2021-09-29 01:50:32,764 - GPIO 20 set: 1
2021-09-29 01:50:32,766 - state topic: home-assistant/pump/2/state payload: ON
2021-09-29 01:50:33,338 - topic: home-assistant/pump/2/command payload: b'OFF'
2021-09-29 01:50:33,339 - GPIO 20 set: 0
2021-09-29 01:50:33,341 - state topic: home-assistant/pump/2/state payload: OFF
2021-09-29 01:50:33,975 - topic: home-assistant/pump/5/command payload: b'ON'
2021-09-29 01:50:33,976 - GPIO 26 set: 1
2021-09-29 01:50:33,977 - state topic: home-assistant/pump/5/state payload: ON
2021-09-29 01:50:34,619 - topic: home-assistant/pump/5/command payload: b'OFF'
2021-09-29 01:50:34,621 - GPIO 26 set: 0
2021-09-29 01:50:34,622 - state topic: home-assistant/pump/5/state payload: OFF
2021-09-29 01:50:34,707 - topic: home-assistant/pump/4/command payload: b'OFF'
2021-09-29 01:50:34,709 - GPIO 19 set: 0
2021-09-29 01:50:34,710 - state topic: home-assistant/pump/4/state payload: OFF
2021-09-29 01:50:35,468 - topic: home-assistant/pump/1/command payload: b'ON'
2021-09-29 01:50:35,470 - GPIO 16 set: 1
2021-09-29 01:50:35,471 - state topic: home-assistant/pump/1/state payload: ON
2021-09-29 01:50:36,061 - topic: home-assistant/pump/1/command payload: b'OFF'
2021-09-29 01:50:36,062 - GPIO 16 set: 0
2021-09-29 01:50:36,064 - state topic: home-assistant/pump/1/state payload: OFF
2021-09-29 01:50:36,680 - topic: home-assistant/pump/3/command payload: b'ON'
2021-09-29 01:50:36,681 - GPIO 21 set: 1
2021-09-29 01:50:36,682 - state topic: home-assistant/pump/3/state payload: ON
2021-09-29 01:50:37,296 - topic: home-assistant/pump/3/command payload: b'OFF'
2021-09-29 01:50:37,298 - GPIO 21 set: 0
2021-09-29 01:50:37,299 - state topic: home-assistant/pump/3/state payload: OFF
2021-09-29 01:50:41,264 - topic: home-assistant/pump/5/command payload: b'ON'
2021-09-29 01:50:41,265 - GPIO 26 set: 1
2021-09-29 01:50:41,267 - state topic: home-assistant/pump/5/state payload: ON
2021-09-29 01:50:42,214 - topic: home-assistant/pump/5/command payload: b'OFF'
2021-09-29 01:50:42,216 - GPIO 26 set: 0
2021-09-29 01:50:42,217 - state topic: home-assistant/pump/5/state payload: OFF
2021-09-29 01:50:42,299 - topic: home-assistant/pump/4/command payload: b'OFF'
2021-09-29 01:50:42,301 - GPIO 19 set: 0
2021-09-29 01:50:42,302 - state topic: home-assistant/pump/4/state payload: OFF
2021-09-29 01:50:51,671 - topic: home-assistant/pump/4/command payload: b'ON'
2021-09-29 01:50:51,672 - GPIO 19 set: 1
2021-09-29 01:50:51,674 - state topic: home-assistant/pump/4/state payload: ON
2021-09-29 01:50:56,951 - topic: home-assistant/pump/4/command payload: b'OFF'
2021-09-29 01:50:56,953 - GPIO 19 set: 0
2021-09-29 01:50:56,954 - state topic: home-assistant/pump/4/state payload: OFF
2021-09-29 01:50:59,954 - topic: home-assistant/pump/1/command payload: b'ON'
2021-09-29 01:50:59,955 - GPIO 16 set: 1
2021-09-29 01:50:59,956 - state topic: home-assistant/pump/1/state payload: ON
2021-09-29 01:51:02,315 - topic: home-assistant/pump/1/command payload: b'OFF'
2021-09-29 01:51:02,316 - GPIO 16 set: 0
2021-09-29 01:51:02,317 - state topic: home-assistant/pump/1/state payload: OFF
2021-09-29 01:51:02,906 - topic: home-assistant/pump/3/command payload: b'ON'
2021-09-29 01:51:02,907 - GPIO 21 set: 1
2021-09-29 01:51:02,909 - state topic: home-assistant/pump/3/state payload: ON
2021-09-29 01:51:04,722 - topic: home-assistant/pump/3/command payload: b'OFF'
2021-09-29 01:51:04,724 - GPIO 21 set: 0
2021-09-29 01:51:04,725 - state topic: home-assistant/pump/3/state payload: OFF
2021-09-29 01:51:07,843 - topic: home-assistant/pump/4/command payload: b'ON'
2021-09-29 01:51:07,845 - GPIO 19 set: 1
2021-09-29 01:51:07,846 - state topic: home-assistant/pump/4/state payload: ON
2021-09-29 01:51:09,083 - topic: home-assistant/pump/4/command payload: b'OFF'
2021-09-29 01:51:09,085 - GPIO 19 set: 0
2021-09-29 01:51:09,086 - state topic: home-assistant/pump/4/state payload: OFF
2021-09-29 01:51:09,756 - topic: home-assistant/pump/2/command payload: b'ON'
2021-09-29 01:51:09,757 - GPIO 20 set: 1
2021-09-29 01:51:09,759 - state topic: home-assistant/pump/2/state payload: ON
2021-09-29 01:51:11,781 - topic: home-assistant/pump/2/command payload: b'OFF'
2021-09-29 01:51:11,784 - GPIO 20 set: 0
2021-09-29 01:51:11,785 - state topic: home-assistant/pump/2/state payload: OFF
2021-09-29 01:51:12,484 - topic: home-assistant/pump/5/command payload: b'ON'
2021-09-29 01:51:12,485 - GPIO 26 set: 1
2021-09-29 01:51:12,486 - state topic: home-assistant/pump/5/state payload: ON
2021-09-29 01:51:14,305 - topic: home-assistant/pump/5/command payload: b'OFF'
2021-09-29 01:51:14,306 - GPIO 26 set: 0
2021-09-29 01:51:14,308 - state topic: home-assistant/pump/5/state payload: OFF
2021-09-29 01:51:14,388 - topic: home-assistant/pump/4/command payload: b'OFF'
2021-09-29 01:51:14,389 - GPIO 19 set: 0
2021-09-29 01:51:14,390 - state topic: home-assistant/pump/4/state payload: OFF
2021-09-29 02:25:00,051 - topic: home-assistant/pump/4/command payload: b'OFF'
2021-09-29 02:25:00,052 - GPIO 19 set: 0
2021-09-29 02:25:00,053 - state topic: home-assistant/pump/4/state payload: OFF
2021-09-29 02:25:00,076 - topic: home-assistant/pump/2/command payload: b'OFF'
2021-09-29 02:25:00,077 - GPIO 20 set: 0
2021-09-29 02:25:00,078 - state topic: home-assistant/pump/2/state payload: OFF
2021-09-29 03:25:00,046 - topic: home-assistant/pump/4/command payload: b'OFF'
2021-09-29 03:25:00,048 - GPIO 19 set: 0
2021-09-29 03:25:00,049 - state topic: home-assistant/pump/4/state payload: OFF
2021-09-29 03:25:00,079 - topic: home-assistant/pump/2/command payload: b'OFF'
2021-09-29 03:25:00,080 - GPIO 20 set: 0
2021-09-29 03:25:00,081 - state topic: home-assistant/pump/2/state payload: OFF
